Using pre-set license
Built from '2022.1/staging' branch; Version is '2022.1.7f1 (240f4c1f462c) revision 2363212'; Using compiler version '192829333'; Build Type 'Release'
OS: 'Windows 10  (10.0.19044) 64bit Core' Language: 'en' Physical Memory: 65433 MB
BatchMode: 1, IsHumanControllingUs: 0, StartBugReporterOnCrash: 0, Is64bit: 1, IsPro: 1

COMMAND LINE ARGUMENTS:
C:\Program Files\Unity\Hub\Editor\2022.1.7f1\Editor\Unity.exe
-adb2
-batchMode
-noUpm
-name
AssetImportWorker1
-projectPath
C:/Users/bcith/Documents/UnityProjects/NSPO - periop microcred/MTV_identifyErrors/MTV_identfyErrors_Unity
-logFile
Logs/AssetImportWorker1.log
-srvPort
59142
Successfully changed project path to: C:/Users/bcith/Documents/UnityProjects/NSPO - periop microcred/MTV_identifyErrors/MTV_identfyErrors_Unity
C:/Users/bcith/Documents/UnityProjects/NSPO - periop microcred/MTV_identifyErrors/MTV_identfyErrors_Unity
[UnityMemory] Configuration Parameters - Can be set up in boot.config
    "memorysetup-bucket-allocator-granularity=16"
    "memorysetup-bucket-allocator-bucket-count=8"
    "memorysetup-bucket-allocator-block-size=33554432"
    "memorysetup-bucket-allocator-block-count=8"
    "memorysetup-main-allocator-block-size=16777216"
    "memorysetup-thread-allocator-block-size=16777216"
    "memorysetup-gfx-main-allocator-block-size=16777216"
    "memorysetup-gfx-thread-allocator-block-size=16777216"
    "memorysetup-cache-allocator-block-size=4194304"
    "memorysetup-typetree-allocator-block-size=2097152"
    "memorysetup-profiler-bucket-allocator-granularity=16"
    "memorysetup-profiler-bucket-allocator-bucket-count=8"
    "memorysetup-profiler-bucket-allocator-block-size=33554432"
    "memorysetup-profiler-bucket-allocator-block-count=8"
    "memorysetup-profiler-allocator-block-size=16777216"
    "memorysetup-profiler-editor-allocator-block-size=1048576"
    "memorysetup-temp-allocator-size-main=16777216"
    "memorysetup-job-temp-allocator-block-size=2097152"
    "memorysetup-job-temp-allocator-block-size-background=1048576"
    "memorysetup-job-temp-allocator-reduction-small-platforms=262144"
    "memorysetup-temp-allocator-size-background-worker=32768"
    "memorysetup-temp-allocator-size-job-worker=262144"
    "memorysetup-temp-allocator-size-preload-manager=33554432"
    "memorysetup-temp-allocator-size-nav-mesh-worker=65536"
    "memorysetup-temp-allocator-size-audio-worker=65536"
    "memorysetup-temp-allocator-size-cloud-worker=32768"
    "memorysetup-temp-allocator-size-gi-baking-worker=262144"
    "memorysetup-temp-allocator-size-gfx=262144"
Refreshing native plugins compatible for Editor in 77.09 ms, found 2 plugins.
Preloading 0 native plugins for Editor in 0.00 ms.
Initialize engine version: 2022.1.7f1 (240f4c1f462c)
[Subsystems] Discovering subsystems at path C:/Program Files/Unity/Hub/Editor/2022.1.7f1/Editor/Data/Resources/UnitySubsystems
[Subsystems] Discovering subsystems at path C:/Users/bcith/Documents/UnityProjects/NSPO - periop microcred/MTV_identifyErrors/MTV_identfyErrors_Unity/Assets
GfxDevice: creating device client; threaded=0; jobified=0
Direct3D:
    Version:  Direct3D 11.0 [level 11.1]
    Renderer: NVIDIA GeForce RTX 2070 with Max-Q Design (ID=0x1f10)
    Vendor:   NVIDIA
    VRAM:     8031 MB
    Driver:   31.0.15.1693
Initialize mono
Mono path[0] = 'C:/Program Files/Unity/Hub/Editor/2022.1.7f1/Editor/Data/Managed'
Mono path[1] = 'C:/Program Files/Unity/Hub/Editor/2022.1.7f1/Editor/Data/MonoBleedingEdge/lib/mono/unityjit-win32'
Mono config path = 'C:/Program Files/Unity/Hub/Editor/2022.1.7f1/Editor/Data/MonoBleedingEdge/etc'
Using monoOptions --debugger-agent=transport=dt_socket,embedding=1,server=y,suspend=n,address=127.0.0.1:56036
Begin MonoManager ReloadAssembly
Registering precompiled unity dll's ...
Register platform support module: C:/Program Files/Unity/Hub/Editor/2022.1.7f1/Editor/Data/PlaybackEngines/WebGLSupport/UnityEditor.WebGL.Extensions.dll
Register platform support module: C:/Program Files/Unity/Hub/Editor/2022.1.7f1/Editor/Data/PlaybackEngines/AndroidPlayer/UnityEditor.Android.Extensions.dll
Register platform support module: C:/Program Files/Unity/Hub/Editor/2022.1.7f1/Editor/Data/PlaybackEngines/iOSSupport/UnityEditor.iOS.Extensions.dll
Register platform support module: C:/Program Files/Unity/Hub/Editor/2022.1.7f1/Editor/Data/PlaybackEngines/WindowsStandaloneSupport/UnityEditor.WindowsStandalone.Extensions.dll
Register platform support module: C:/Program Files/Unity/Hub/Editor/2022.1.7f1/Editor/Data/PlaybackEngines/MetroSupport/UnityEditor.UWP.Extensions.dll
Registered in 0.071757 seconds.
Native extension for UWP target not found
Native extension for WindowsStandalone target not found
[usbmuxd] Start listen thread
[usbmuxd] Listen thread started
Native extension for iOS target not found
Native extension for Android target not found
Native extension for WebGL target not found
Refreshing native plugins compatible for Editor in 147.82 ms, found 2 plugins.
Preloading 0 native plugins for Editor in 0.00 ms.
Mono: successfully reloaded assembly
- Completed reload, in  2.470 seconds
Domain Reload Profiling:
	ReloadAssembly (2472ms)
		BeginReloadAssembly (186ms)
			ExecutionOrderSort (0ms)
			DisableScriptedObjects (0ms)
			BackupInstance (0ms)
			ReleaseScriptingObjects (0ms)
			CreateAndSetChildDomain (2ms)
		EndReloadAssembly (1738ms)
			LoadAssemblies (189ms)
			RebuildTransferFunctionScriptingTraits (0ms)
			SetupTypeCache (531ms)
				TypeCache.Initialize (528ms)
					TypeCache.ScanAssembly (523ms)
				ResolveRequiredComponents (3ms)
			ReleaseScriptCaches (0ms)
			RebuildScriptCaches (83ms)
			SetupLoadedEditorAssemblies (893ms)
				LogAssemblyErrors (0ms)
				InitializePlatformSupportModulesInManaged (218ms)
				SetLoadedEditorAssemblies (35ms)
				RefreshPlugins (148ms)
				BeforeProcessingInitializeOnLoad (7ms)
				ProcessInitializeOnLoadAttributes (342ms)
				ProcessInitializeOnLoadMethodAttributes (143ms)
				AfterProcessingInitializeOnLoad (0ms)
				EditorAssembliesLoaded (0ms)
			ExecutionOrderSort2 (0ms)
			AwakeInstancesAfterBackupRestoration (0ms)
Platform modules already initialized, skipping
Registering precompiled user dll's ...
Registered in 0.011814 seconds.
Begin MonoManager ReloadAssembly
Native extension for UWP target not found
Native extension for WindowsStandalone target not found
Native extension for iOS target not found
Native extension for Android target not found
Native extension for WebGL target not found
Refreshing native plugins compatible for Editor in 2.26 ms, found 2 plugins.
Preloading 0 native plugins for Editor in 0.00 ms.
Mono: successfully reloaded assembly
- Completed reload, in  3.533 seconds
Domain Reload Profiling:
	ReloadAssembly (3537ms)
		BeginReloadAssembly (479ms)
			ExecutionOrderSort (0ms)
			DisableScriptedObjects (16ms)
			BackupInstance (0ms)
			ReleaseScriptingObjects (0ms)
			CreateAndSetChildDomain (190ms)
		EndReloadAssembly (2601ms)
			LoadAssemblies (239ms)
			RebuildTransferFunctionScriptingTraits (0ms)
			SetupTypeCache (571ms)
				TypeCache.Initialize (554ms)
					TypeCache.ScanAssembly (543ms)
				ResolveRequiredComponents (16ms)
			ReleaseScriptCaches (1ms)
			RebuildScriptCaches (180ms)
			SetupLoadedEditorAssemblies (1414ms)
				LogAssemblyErrors (0ms)
				InitializePlatformSupportModulesInManaged (84ms)
				SetLoadedEditorAssemblies (39ms)
				RefreshPlugins (3ms)
				BeforeProcessingInitializeOnLoad (227ms)
				ProcessInitializeOnLoadAttributes (918ms)
				ProcessInitializeOnLoadMethodAttributes (98ms)
				AfterProcessingInitializeOnLoad (43ms)
				EditorAssembliesLoaded (1ms)
			ExecutionOrderSort2 (0ms)
			AwakeInstancesAfterBackupRestoration (45ms)
Platform modules already initialized, skipping
========================================================================
Worker process is ready to serve import requests
Launched and connected shader compiler UnityShaderCompiler.exe after 0.25 seconds
Refreshing native plugins compatible for Editor in 0.85 ms, found 2 plugins.
Preloading 0 native plugins for Editor in 0.00 ms.
Unloading 1770 Unused Serialized files (Serialized files now loaded: 0)
Unloading 21 unused Assets / (50.4 KB). Loaded Objects now: 2238.
Memory consumption went from 294.9 MB to 294.9 MB.
Total: 37.457700 ms (FindLiveObjects: 1.118600 ms CreateObjectMapping: 0.292500 ms MarkObjects: 35.868900 ms  DeleteObjects: 0.174900 ms)

AssetImportParameters requested are different than current active one (requested -> active):
  custom:video-decoder-ogg-theora: a1e56fd34408186e4bbccfd4996cb3dc -> 
  custom:container-muxer-webm: aa71ff27fc2769a1b78a27578f13a17b -> 
  custom:container-demuxer-webm: 4f35f7cbe854078d1ac9338744f61a02 -> 
  custom:video-encoder-webm-vp8: eb34c28f22e8b96e1ab97ce403110664 -> 
  custom:audio-encoder-webm-vorbis: bf7c407c2cedff20999df2af8eb42d56 -> 
  custom:framework-win-MediaFoundation: 216162199b28c13a410421893ffa2e32 -> 
  custom:container-demuxer-ogg: 62fdf1f143b41e24485cea50d1cbac27 -> 
  custom:video-decoder-webm-vp8: 9c59270c3fd7afecdb556c50c9e8de78 -> 
  custom:audio-decoder-ogg-vorbis: bf7c407c2cedff20999df2af8eb42d56 -> 
========================================================================
Received Import Request.
  Time since last request: 4081646.417642 seconds.
  path: Assets/__SCENES__/FBX/FBX/10mmHassonPort.FBX
  artifactKey: Guid(5fd10ad2efa6a26478312e790b7f303d) Importer(815301076,1909f56bfc062723c751e8b465ee728b)
Start importing Assets/__SCENES__/FBX/FBX/10mmHassonPort.FBX using Guid(5fd10ad2efa6a26478312e790b7f303d) Importer(815301076,1909f56bfc062723c751e8b465ee728b)  -> (artifact id: 'fc5cfabd0b946096d6bb2d9d5245900f') in 1.046677 seconds 
========================================================================
Received Import Request.
  Time since last request: 0.000022 seconds.
  path: Assets/__SCENES__/FBX/FBX/SharpSennRetractor.FBX
  artifactKey: Guid(1d1fb753d0c0ecd419554c236f4ef50a) Importer(815301076,1909f56bfc062723c751e8b465ee728b)
Start importing Assets/__SCENES__/FBX/FBX/SharpSennRetractor.FBX using Guid(1d1fb753d0c0ecd419554c236f4ef50a) Importer(815301076,1909f56bfc062723c751e8b465ee728b)  -> (artifact id: '797c1a4d0383e5904898be815ce3a8e4') in 0.016016 seconds 
========================================================================
Received Import Request.
  Time since last request: 0.000028 seconds.
  path: Assets/__SCENES__/FBX/FBX/LaparoscopeCord-mesh2.FBX
  artifactKey: Guid(2a071dc5c1ee2da4f85be5befeb8251e) Importer(815301076,1909f56bfc062723c751e8b465ee728b)
Start importing Assets/__SCENES__/FBX/FBX/LaparoscopeCord-mesh2.FBX using Guid(2a071dc5c1ee2da4f85be5befeb8251e) Importer(815301076,1909f56bfc062723c751e8b465ee728b)  -> (artifact id: '5b32c4d5f4535e7ef6e8785a75875379') in 0.034636 seconds 
========================================================================
Received Import Request.
  Time since last request: 0.000021 seconds.
  path: Assets/__SCENES__/FBX/FBX/NeedleDriver.FBX
  artifactKey: Guid(56b25c243cfff804d8a3e06c8fe39a9b) Importer(815301076,1909f56bfc062723c751e8b465ee728b)
Start importing Assets/__SCENES__/FBX/FBX/NeedleDriver.FBX using Guid(56b25c243cfff804d8a3e06c8fe39a9b) Importer(815301076,1909f56bfc062723c751e8b465ee728b)  -> (artifact id: '01f8ae9c14f991ff5deb972a88e234f9') in 0.033948 seconds 
========================================================================
Received Import Request.
  Time since last request: 0.000038 seconds.
  path: Assets/__SCENES__/FBX/FBX/MajorLaparoscopicSetOuterPan.FBX
  artifactKey: Guid(d4691299971171d49a9428a97c36dbc3) Importer(815301076,1909f56bfc062723c751e8b465ee728b)
Start importing Assets/__SCENES__/FBX/FBX/MajorLaparoscopicSetOuterPan.FBX using Guid(d4691299971171d49a9428a97c36dbc3) Importer(815301076,1909f56bfc062723c751e8b465ee728b)  -> (artifact id: '94c6e9520c4ca7a2bda0bdfef3ab2c20') in 0.054204 seconds 
========================================================================
Received Import Request.
  Time since last request: 0.000033 seconds.
  path: Assets/__SCENES__/FBX/FBX/RatchetedLaparoscopicAtraumaticGrasper.FBX
  artifactKey: Guid(dfaa2e80cce72f747a0b2277898803f4) Importer(815301076,1909f56bfc062723c751e8b465ee728b)
Start importing Assets/__SCENES__/FBX/FBX/RatchetedLaparoscopicAtraumaticGrasper.FBX using Guid(dfaa2e80cce72f747a0b2277898803f4) Importer(815301076,1909f56bfc062723c751e8b465ee728b)  -> (artifact id: '2d24982872fa6dab72ae3511479f4ff9') in 0.447410 seconds 
========================================================================
Received Import Request.
  Time since last request: 0.000027 seconds.
  path: Assets/__SCENES__/FBX/FBX/CrileForcep.FBX
  artifactKey: Guid(e1c67516a38a8294b8d4e44a06b794fb) Importer(815301076,1909f56bfc062723c751e8b465ee728b)
Start importing Assets/__SCENES__/FBX/FBX/CrileForcep.FBX using Guid(e1c67516a38a8294b8d4e44a06b794fb) Importer(815301076,1909f56bfc062723c751e8b465ee728b)  -> (artifact id: '04907c37c31ee51b1ef2c9efc2bb32b5') in 0.035265 seconds 
========================================================================
Received Import Request.
  Time since last request: 0.000044 seconds.
  path: Assets/__SCENES__/FBX/FBX/LaparoscopicHookCautery.FBX
  artifactKey: Guid(ecb2e648ec621564a93f809ddf8fb8fc) Importer(815301076,1909f56bfc062723c751e8b465ee728b)
Start importing Assets/__SCENES__/FBX/FBX/LaparoscopicHookCautery.FBX using Guid(ecb2e648ec621564a93f809ddf8fb8fc) Importer(815301076,1909f56bfc062723c751e8b465ee728b)  -> (artifact id: '4aa2c8adf0c04830164ac083d8df5cc4') in 0.027107 seconds 
========================================================================
Received Import Request.
  Time since last request: 0.000018 seconds.
  path: Assets/__SCENES__/FBX/FBX/IVBag 1.FBX
  artifactKey: Guid(5527bbf4d278f09479842b1b357d01b9) Importer(815301076,1909f56bfc062723c751e8b465ee728b)
Start importing Assets/__SCENES__/FBX/FBX/IVBag 1.FBX using Guid(5527bbf4d278f09479842b1b357d01b9) Importer(815301076,1909f56bfc062723c751e8b465ee728b)  -> (artifact id: '4e4abd0e605ac374df1f9121a2e7f236') in 0.031894 seconds 
========================================================================
Received Import Request.
  Time since last request: 0.000032 seconds.
  path: Assets/__SCENES__/FBX/FBX/LaparoscopicHookScissor.FBX
  artifactKey: Guid(27bde0c09bf6cc342a35a5c6936c056e) Importer(815301076,1909f56bfc062723c751e8b465ee728b)
Start importing Assets/__SCENES__/FBX/FBX/LaparoscopicHookScissor.FBX using Guid(27bde0c09bf6cc342a35a5c6936c056e) Importer(815301076,1909f56bfc062723c751e8b465ee728b)  -> (artifact id: '29e5d3b5b6b73f28bd5da75ce1682027') in 0.061253 seconds 
========================================================================
Received Import Request.
  Time since last request: 0.000033 seconds.
  path: Assets/__SCENES__/FBX/FBX/LaparoscopicMetzenbaumScissors.FBX
  artifactKey: Guid(8d195f47e7383bd48a85f1f6b09b7876) Importer(815301076,1909f56bfc062723c751e8b465ee728b)
Start importing Assets/__SCENES__/FBX/FBX/LaparoscopicMetzenbaumScissors.FBX using Guid(8d195f47e7383bd48a85f1f6b09b7876) Importer(815301076,1909f56bfc062723c751e8b465ee728b)  -> (artifact id: '084c692e6f23afa948f64f15d1c6ed06') in 0.057734 seconds 
========================================================================
Received Import Request.
  Time since last request: 0.000025 seconds.
  path: Assets/__SCENES__/FBX/FBX/VerresNeedle01.FBX
  artifactKey: Guid(f8ac43e83ccd3b94a8c77ec67985bd85) Importer(815301076,1909f56bfc062723c751e8b465ee728b)
Start importing Assets/__SCENES__/FBX/FBX/VerresNeedle01.FBX using Guid(f8ac43e83ccd3b94a8c77ec67985bd85) Importer(815301076,1909f56bfc062723c751e8b465ee728b)  -> (artifact id: '33e65eb373d6950e79add014e1c098ea') in 0.040686 seconds 
========================================================================
Received Import Request.
  Time since last request: 0.000034 seconds.
  path: Assets/__SCENES__/FBX/FBX/VerresNeedle02.FBX
  artifactKey: Guid(5b33672b6d8f9834dacb9a0f025d2d67) Importer(815301076,1909f56bfc062723c751e8b465ee728b)
Start importing Assets/__SCENES__/FBX/FBX/VerresNeedle02.FBX using Guid(5b33672b6d8f9834dacb9a0f025d2d67) Importer(815301076,1909f56bfc062723c751e8b465ee728b)  -> (artifact id: 'f497a009889fc1bb7a1bcdbd379c5e20') in 0.019917 seconds 
========================================================================
Received Import Request.
  Time since last request: 0.000035 seconds.
  path: Assets/__SCENES__/FBX/FBX/Sponges.FBX
  artifactKey: Guid(54b1fcf2f9f55bc4780a893976b1c3f8) Importer(815301076,1909f56bfc062723c751e8b465ee728b)
Start importing Assets/__SCENES__/FBX/FBX/Sponges.FBX using Guid(54b1fcf2f9f55bc4780a893976b1c3f8) Importer(815301076,1909f56bfc062723c751e8b465ee728b)  -> (artifact id: '70f6b862675eefc400d005885d7c1fe8') in 0.042906 seconds 
========================================================================
Received Import Request.
  Time since last request: 0.000020 seconds.
  path: Assets/__SCENES__/FBX/FBX/KocherClamp.FBX
  artifactKey: Guid(f1d9e5054b4389f44aa1ce5aea3cbecd) Importer(815301076,1909f56bfc062723c751e8b465ee728b)
Start importing Assets/__SCENES__/FBX/FBX/KocherClamp.FBX using Guid(f1d9e5054b4389f44aa1ce5aea3cbecd) Importer(815301076,1909f56bfc062723c751e8b465ee728b)  -> (artifact id: '6625eccbb2a3595ce02b3656f8608ab7') in 0.036900 seconds 
========================================================================
Received Import Request.
  Time since last request: 0.000023 seconds.
  path: Assets/__SCENES__/FBX/FBX/10mmPort.FBX
  artifactKey: Guid(e781c3a814276b848a0dd6d358b8adff) Importer(815301076,1909f56bfc062723c751e8b465ee728b)
Start importing Assets/__SCENES__/FBX/FBX/10mmPort.FBX using Guid(e781c3a814276b848a0dd6d358b8adff) Importer(815301076,1909f56bfc062723c751e8b465ee728b)  -> (artifact id: 'cf6a88f86d35e37331d69e16f5a5b32d') in 0.489765 seconds 
========================================================================
Received Import Request.
  Time since last request: 0.000027 seconds.
  path: Assets/__SCENES__/FBX/FBX/StraightMayoScissors.FBX
  artifactKey: Guid(7fd34fd2852923d4aa74d7e004f68297) Importer(815301076,1909f56bfc062723c751e8b465ee728b)
Start importing Assets/__SCENES__/FBX/FBX/StraightMayoScissors.FBX using Guid(7fd34fd2852923d4aa74d7e004f68297) Importer(815301076,1909f56bfc062723c751e8b465ee728b)  -> (artifact id: '3a5add23a2f51c866e35323c30120525') in 0.060588 seconds 
========================================================================
Received Import Request.
  Time since last request: 0.000045 seconds.
  path: Assets/__SCENES__/FBX/FBX/NeutralZone.FBX
  artifactKey: Guid(f61025a1482b67f45ae0236139fe251b) Importer(815301076,1909f56bfc062723c751e8b465ee728b)
Start importing Assets/__SCENES__/FBX/FBX/NeutralZone.FBX using Guid(f61025a1482b67f45ae0236139fe251b) Importer(815301076,1909f56bfc062723c751e8b465ee728b)  -> (artifact id: '464b9d4e7ec0ae949af1173ee5e6d83e') in 0.309727 seconds 
========================================================================
Received Import Request.
  Time since last request: 0.000031 seconds.
  path: Assets/__SCENES__/FBX/FBX/SharpBox.FBX
  artifactKey: Guid(1cd0eb4ac520125428d81f3b38347bbb) Importer(815301076,1909f56bfc062723c751e8b465ee728b)
Start importing Assets/__SCENES__/FBX/FBX/SharpBox.FBX using Guid(1cd0eb4ac520125428d81f3b38347bbb) Importer(815301076,1909f56bfc062723c751e8b465ee728b)  -> (artifact id: '08f6e72f473438bab7b530cbead14042') in 0.048531 seconds 
========================================================================
Received Import Request.
  Time since last request: 0.000034 seconds.
  path: Assets/__SCENES__/FBX/FBX/KellyForcep.FBX
  artifactKey: Guid(f1c426956505cc843937571c9f4f9aea) Importer(815301076,1909f56bfc062723c751e8b465ee728b)
Start importing Assets/__SCENES__/FBX/FBX/KellyForcep.FBX using Guid(f1c426956505cc843937571c9f4f9aea) Importer(815301076,1909f56bfc062723c751e8b465ee728b)  -> (artifact id: '1142a1c415e1f016f298371ba1d8aa02') in 0.042532 seconds 
========================================================================
Received Import Request.
  Time since last request: 0.000025 seconds.
  path: Assets/__SCENES__/FBX/FBX/LaparoscopicPistonGripHandle.FBX
  artifactKey: Guid(2d47dd6ba67773244ab3555be237f4c4) Importer(815301076,1909f56bfc062723c751e8b465ee728b)
Start importing Assets/__SCENES__/FBX/FBX/LaparoscopicPistonGripHandle.FBX using Guid(2d47dd6ba67773244ab3555be237f4c4) Importer(815301076,1909f56bfc062723c751e8b465ee728b)  -> (artifact id: 'd6c01370c538922c7cc89904cd568514') in 0.069602 seconds 
========================================================================
Received Import Request.
  Time since last request: 0.000022 seconds.
  path: Assets/__SCENES__/FBX/FBX/RatchetedLaparoscopicTraumaticGrasper.FBX
  artifactKey: Guid(208dcc9e22a7870469c5e6657bf26dcb) Importer(815301076,1909f56bfc062723c751e8b465ee728b)
Start importing Assets/__SCENES__/FBX/FBX/RatchetedLaparoscopicTraumaticGrasper.FBX using Guid(208dcc9e22a7870469c5e6657bf26dcb) Importer(815301076,1909f56bfc062723c751e8b465ee728b)  -> (artifact id: 'e3de12a055891d97b3bfddb7a9a3067a') in 0.043091 seconds 
========================================================================
Received Import Request.
  Time since last request: 0.000026 seconds.
  path: Assets/__SCENES__/FBX/FBX/LaparoscopicCauteryCord-mesh2.FBX
  artifactKey: Guid(2c85e8f80f953a64ca98f998b60eb6ac) Importer(815301076,1909f56bfc062723c751e8b465ee728b)
Start importing Assets/__SCENES__/FBX/FBX/LaparoscopicCauteryCord-mesh2.FBX using Guid(2c85e8f80f953a64ca98f998b60eb6ac) Importer(815301076,1909f56bfc062723c751e8b465ee728b)  -> (artifact id: 'f260ce876a29bc537d1cc4ee03483abe') in 0.033945 seconds 
========================================================================
Received Import Request.
  Time since last request: 0.000041 seconds.
  path: Assets/__SCENES__/FBX/FBX/MinorLaparoscopicBasket.FBX
  artifactKey: Guid(8986431e48c2d984aa9bf8ec202a9089) Importer(815301076,1909f56bfc062723c751e8b465ee728b)
Start importing Assets/__SCENES__/FBX/FBX/MinorLaparoscopicBasket.FBX using Guid(8986431e48c2d984aa9bf8ec202a9089) Importer(815301076,1909f56bfc062723c751e8b465ee728b)  -> (artifact id: '1292a4f2e93e329e4b2559aabda73e01') in 0.124087 seconds 
========================================================================
Received Import Request.
  Time since last request: 0.000041 seconds.
  path: Assets/__SCENES__/FBX/FBX/CO2InsufflationTubing.FBX
  artifactKey: Guid(efed4db4dbac4754cb7245a6282833a7) Importer(815301076,1909f56bfc062723c751e8b465ee728b)
Start importing Assets/__SCENES__/FBX/FBX/CO2InsufflationTubing.FBX using Guid(efed4db4dbac4754cb7245a6282833a7) Importer(815301076,1909f56bfc062723c751e8b465ee728b)  -> (artifact id: '4bcab73f288f5a05af2f59f5fce733bb') in 0.322660 seconds 
========================================================================
Received Import Request.
  Time since last request: 0.000025 seconds.
  path: Assets/__SCENES__/FBX/FBX/MetzenbaumScissors.FBX
  artifactKey: Guid(0338943932fd416469facd4a805eb8c3) Importer(815301076,1909f56bfc062723c751e8b465ee728b)
Start importing Assets/__SCENES__/FBX/FBX/MetzenbaumScissors.FBX using Guid(0338943932fd416469facd4a805eb8c3) Importer(815301076,1909f56bfc062723c751e8b465ee728b)  -> (artifact id: 'a2df1c3e147c5db10322c975f8c93725') in 0.038795 seconds 
========================================================================
Received Import Request.
  Time since last request: 0.000034 seconds.
  path: Assets/__SCENES__/FBX/FBX/UnSterileWrappedCamera.FBX
  artifactKey: Guid(a7f0cbc85bbde7046a9356d108548f2c) Importer(815301076,1909f56bfc062723c751e8b465ee728b)
Start importing Assets/__SCENES__/FBX/FBX/UnSterileWrappedCamera.FBX using Guid(a7f0cbc85bbde7046a9356d108548f2c) Importer(815301076,1909f56bfc062723c751e8b465ee728b)  -> (artifact id: 'ab99d3f834b513ec18ddd62a88150c43') in 0.025249 seconds 
========================================================================
Received Import Request.
  Time since last request: 0.000026 seconds.
  path: Assets/__SCENES__/FBX/FBX/SterileWrappedCamera.FBX
  artifactKey: Guid(ee46f64069a65ca49901b5c96f52baa1) Importer(815301076,1909f56bfc062723c751e8b465ee728b)
Start importing Assets/__SCENES__/FBX/FBX/SterileWrappedCamera.FBX using Guid(ee46f64069a65ca49901b5c96f52baa1) Importer(815301076,1909f56bfc062723c751e8b465ee728b)  -> (artifact id: '8cd18f3fd7ff55d09dfd9c7ea7be96d2') in 0.027680 seconds 
========================================================================
Received Import Request.
  Time since last request: 0.000021 seconds.
  path: Assets/__SCENES__/FBX/FBX/LaparoscopicMaryland.FBX
  artifactKey: Guid(627d58e57c25eaf47aa19b629c63a0c2) Importer(815301076,1909f56bfc062723c751e8b465ee728b)
Start importing Assets/__SCENES__/FBX/FBX/LaparoscopicMaryland.FBX using Guid(627d58e57c25eaf47aa19b629c63a0c2) Importer(815301076,1909f56bfc062723c751e8b465ee728b)  -> (artifact id: 'dd1a8cd271f419fe8fdcced1ba7f7a16') in 0.074087 seconds 
========================================================================
Received Import Request.
  Time since last request: 0.000027 seconds.
  path: Assets/__SCENES__/FBX/FBX/Suction Unit.FBX
  artifactKey: Guid(5d7f23f17f5958e438d2d1ffad82c48b) Importer(815301076,1909f56bfc062723c751e8b465ee728b)
Start importing Assets/__SCENES__/FBX/FBX/Suction Unit.FBX using Guid(5d7f23f17f5958e438d2d1ffad82c48b) Importer(815301076,1909f56bfc062723c751e8b465ee728b)  -> (artifact id: '94a372cc57115c83c71d20fa67ec2026') in 0.465340 seconds 
========================================================================
Received Prepare
Registering precompiled user dll's ...
Registered in 0.004960 seconds.
Begin MonoManager ReloadAssembly
Native extension for UWP target not found
Native extension for WindowsStandalone target not found
Native extension for iOS target not found
Native extension for Android target not found
Native extension for WebGL target not found
Refreshing native plugins compatible for Editor in 0.50 ms, found 2 plugins.
Preloading 0 native plugins for Editor in 0.00 ms.
Mono: successfully reloaded assembly
- Completed reload, in  1.315 seconds
Domain Reload Profiling:
	ReloadAssembly (1316ms)
		BeginReloadAssembly (193ms)
			ExecutionOrderSort (0ms)
			DisableScriptedObjects (6ms)
			BackupInstance (0ms)
			ReleaseScriptingObjects (0ms)
			CreateAndSetChildDomain (41ms)
		EndReloadAssembly (978ms)
			LoadAssemblies (133ms)
			RebuildTransferFunctionScriptingTraits (0ms)
			SetupTypeCache (252ms)
				TypeCache.Initialize (248ms)
					TypeCache.ScanAssembly (244ms)
				ResolveRequiredComponents (4ms)
			ReleaseScriptCaches (1ms)
			RebuildScriptCaches (46ms)
			SetupLoadedEditorAssemblies (506ms)
				LogAssemblyErrors (0ms)
				InitializePlatformSupportModulesInManaged (56ms)
				SetLoadedEditorAssemblies (10ms)
				RefreshPlugins (1ms)
				BeforeProcessingInitializeOnLoad (77ms)
				ProcessInitializeOnLoadAttributes (309ms)
				ProcessInitializeOnLoadMethodAttributes (39ms)
				AfterProcessingInitializeOnLoad (13ms)
				EditorAssembliesLoaded (0ms)
			ExecutionOrderSort2 (0ms)
			AwakeInstancesAfterBackupRestoration (13ms)
Platform modules already initialized, skipping
Refreshing native plugins compatible for Editor in 1.81 ms, found 2 plugins.
Preloading 0 native plugins for Editor in 0.00 ms.
Unloading 1758 Unused Serialized files (Serialized files now loaded: 0)
Unloading 14 unused Assets / (25.6 KB). Loaded Objects now: 2251.
Memory consumption went from 297.1 MB to 297.1 MB.
Total: 3.463900 ms (FindLiveObjects: 0.185400 ms CreateObjectMapping: 0.083800 ms MarkObjects: 3.162400 ms  DeleteObjects: 0.031100 ms)

AssetImportParameters requested are different than current active one (requested -> active):
  custom:video-decoder-ogg-theora: a1e56fd34408186e4bbccfd4996cb3dc -> 
  custom:container-muxer-webm: aa71ff27fc2769a1b78a27578f13a17b -> 
  custom:container-demuxer-webm: 4f35f7cbe854078d1ac9338744f61a02 -> 
  custom:video-encoder-webm-vp8: eb34c28f22e8b96e1ab97ce403110664 -> 
  custom:audio-encoder-webm-vorbis: bf7c407c2cedff20999df2af8eb42d56 -> 
  custom:framework-win-MediaFoundation: 216162199b28c13a410421893ffa2e32 -> 
  custom:container-demuxer-ogg: 62fdf1f143b41e24485cea50d1cbac27 -> 
  custom:video-decoder-webm-vp8: 9c59270c3fd7afecdb556c50c9e8de78 -> 
  custom:audio-decoder-ogg-vorbis: bf7c407c2cedff20999df2af8eb42d56 -> 
========================================================================
Received Prepare
Registering precompiled user dll's ...
Registered in 0.012325 seconds.
Begin MonoManager ReloadAssembly
Native extension for UWP target not found
Native extension for WindowsStandalone target not found
Native extension for iOS target not found
Native extension for Android target not found
Native extension for WebGL target not found
Refreshing native plugins compatible for Editor in 1.44 ms, found 2 plugins.
Preloading 0 native plugins for Editor in 0.00 ms.
Mono: successfully reloaded assembly
- Completed reload, in  2.992 seconds
Domain Reload Profiling:
	ReloadAssembly (2998ms)
		BeginReloadAssembly (229ms)
			ExecutionOrderSort (0ms)
			DisableScriptedObjects (13ms)
			BackupInstance (0ms)
			ReleaseScriptingObjects (0ms)
			CreateAndSetChildDomain (55ms)
		EndReloadAssembly (2520ms)
			LoadAssemblies (155ms)
			RebuildTransferFunctionScriptingTraits (0ms)
			SetupTypeCache (696ms)
				TypeCache.Initialize (680ms)
					TypeCache.ScanAssembly (667ms)
				ResolveRequiredComponents (16ms)
			ReleaseScriptCaches (2ms)
			RebuildScriptCaches (112ms)
			SetupLoadedEditorAssemblies (1341ms)
				LogAssemblyErrors (0ms)
				InitializePlatformSupportModulesInManaged (95ms)
				SetLoadedEditorAssemblies (16ms)
				RefreshPlugins (2ms)
				BeforeProcessingInitializeOnLoad (129ms)
				ProcessInitializeOnLoadAttributes (989ms)
				ProcessInitializeOnLoadMethodAttributes (76ms)
				AfterProcessingInitializeOnLoad (35ms)
				EditorAssembliesLoaded (1ms)
			ExecutionOrderSort2 (0ms)
			AwakeInstancesAfterBackupRestoration (39ms)
Platform modules already initialized, skipping
Refreshing native plugins compatible for Editor in 2.98 ms, found 2 plugins.
Preloading 0 native plugins for Editor in 0.00 ms.
Unloading 1759 Unused Serialized files (Serialized files now loaded: 0)
Unloading 14 unused Assets / (32.5 KB). Loaded Objects now: 2254.
Memory consumption went from 297.4 MB to 297.3 MB.
Total: 8.127400 ms (FindLiveObjects: 0.245400 ms CreateObjectMapping: 0.157800 ms MarkObjects: 7.664800 ms  DeleteObjects: 0.056100 ms)

AssetImportParameters requested are different than current active one (requested -> active):
  custom:video-decoder-ogg-theora: a1e56fd34408186e4bbccfd4996cb3dc -> 
  custom:container-muxer-webm: aa71ff27fc2769a1b78a27578f13a17b -> 
  custom:container-demuxer-webm: 4f35f7cbe854078d1ac9338744f61a02 -> 
  custom:video-encoder-webm-vp8: eb34c28f22e8b96e1ab97ce403110664 -> 
  custom:audio-encoder-webm-vorbis: bf7c407c2cedff20999df2af8eb42d56 -> 
  custom:framework-win-MediaFoundation: 216162199b28c13a410421893ffa2e32 -> 
  custom:container-demuxer-ogg: 62fdf1f143b41e24485cea50d1cbac27 -> 
  custom:video-decoder-webm-vp8: 9c59270c3fd7afecdb556c50c9e8de78 -> 
  custom:audio-decoder-ogg-vorbis: bf7c407c2cedff20999df2af8eb42d56 -> 
========================================================================
Received Prepare
Registering precompiled user dll's ...
Registered in 0.007162 seconds.
Begin MonoManager ReloadAssembly
Native extension for UWP target not found
Native extension for WindowsStandalone target not found
Native extension for iOS target not found
Native extension for Android target not found
Native extension for WebGL target not found
Refreshing native plugins compatible for Editor in 0.80 ms, found 2 plugins.
Preloading 0 native plugins for Editor in 0.00 ms.
Mono: successfully reloaded assembly
- Completed reload, in  2.191 seconds
Domain Reload Profiling:
	ReloadAssembly (2196ms)
		BeginReloadAssembly (248ms)
			ExecutionOrderSort (0ms)
			DisableScriptedObjects (11ms)
			BackupInstance (0ms)
			ReleaseScriptingObjects (0ms)
			CreateAndSetChildDomain (63ms)
		EndReloadAssembly (1731ms)
			LoadAssemblies (184ms)
			RebuildTransferFunctionScriptingTraits (0ms)
			SetupTypeCache (425ms)
				TypeCache.Initialize (419ms)
					TypeCache.ScanAssembly (412ms)
				ResolveRequiredComponents (6ms)
			ReleaseScriptCaches (1ms)
			RebuildScriptCaches (76ms)
			SetupLoadedEditorAssemblies (933ms)
				LogAssemblyErrors (0ms)
				InitializePlatformSupportModulesInManaged (92ms)
				SetLoadedEditorAssemblies (15ms)
				RefreshPlugins (1ms)
				BeforeProcessingInitializeOnLoad (116ms)
				ProcessInitializeOnLoadAttributes (551ms)
				ProcessInitializeOnLoadMethodAttributes (126ms)
				AfterProcessingInitializeOnLoad (32ms)
				EditorAssembliesLoaded (1ms)
			ExecutionOrderSort2 (0ms)
			AwakeInstancesAfterBackupRestoration (21ms)
Platform modules already initialized, skipping
Refreshing native plugins compatible for Editor in 9.06 ms, found 2 plugins.
Preloading 0 native plugins for Editor in 0.00 ms.
Unloading 1759 Unused Serialized files (Serialized files now loaded: 0)
Unloading 14 unused Assets / (32.5 KB). Loaded Objects now: 2257.
Memory consumption went from 297.4 MB to 297.3 MB.
Total: 11.661800 ms (FindLiveObjects: 0.552800 ms CreateObjectMapping: 0.260900 ms MarkObjects: 10.796000 ms  DeleteObjects: 0.048900 ms)

AssetImportParameters requested are different than current active one (requested -> active):
  custom:video-decoder-ogg-theora: a1e56fd34408186e4bbccfd4996cb3dc -> 
  custom:container-muxer-webm: aa71ff27fc2769a1b78a27578f13a17b -> 
  custom:container-demuxer-webm: 4f35f7cbe854078d1ac9338744f61a02 -> 
  custom:video-encoder-webm-vp8: eb34c28f22e8b96e1ab97ce403110664 -> 
  custom:audio-encoder-webm-vorbis: bf7c407c2cedff20999df2af8eb42d56 -> 
  custom:framework-win-MediaFoundation: 216162199b28c13a410421893ffa2e32 -> 
  custom:container-demuxer-ogg: 62fdf1f143b41e24485cea50d1cbac27 -> 
  custom:video-decoder-webm-vp8: 9c59270c3fd7afecdb556c50c9e8de78 -> 
  custom:audio-decoder-ogg-vorbis: bf7c407c2cedff20999df2af8eb42d56 -> 
========================================================================
Received Prepare
Registering precompiled user dll's ...
Registered in 0.009038 seconds.
Begin MonoManager ReloadAssembly
Native extension for UWP target not found
Native extension for WindowsStandalone target not found
Native extension for iOS target not found
Native extension for Android target not found
Native extension for WebGL target not found
Refreshing native plugins compatible for Editor in 0.76 ms, found 2 plugins.
Preloading 0 native plugins for Editor in 0.00 ms.
Mono: successfully reloaded assembly
- Completed reload, in  2.076 seconds
Domain Reload Profiling:
	ReloadAssembly (2082ms)
		BeginReloadAssembly (257ms)
			ExecutionOrderSort (0ms)
			DisableScriptedObjects (12ms)
			BackupInstance (0ms)
			ReleaseScriptingObjects (0ms)
			CreateAndSetChildDomain (61ms)
		EndReloadAssembly (1609ms)
			LoadAssemblies (170ms)
			RebuildTransferFunctionScriptingTraits (0ms)
			SetupTypeCache (449ms)
				TypeCache.Initialize (442ms)
					TypeCache.ScanAssembly (434ms)
				ResolveRequiredComponents (7ms)
			ReleaseScriptCaches (1ms)
			RebuildScriptCaches (74ms)
			SetupLoadedEditorAssemblies (821ms)
				LogAssemblyErrors (0ms)
				InitializePlatformSupportModulesInManaged (78ms)
				SetLoadedEditorAssemblies (14ms)
				RefreshPlugins (1ms)
				BeforeProcessingInitializeOnLoad (122ms)
				ProcessInitializeOnLoadAttributes (525ms)
				ProcessInitializeOnLoadMethodAttributes (62ms)
				AfterProcessingInitializeOnLoad (19ms)
				EditorAssembliesLoaded (0ms)
			ExecutionOrderSort2 (0ms)
			AwakeInstancesAfterBackupRestoration (16ms)
Platform modules already initialized, skipping
Refreshing native plugins compatible for Editor in 2.42 ms, found 2 plugins.
Preloading 0 native plugins for Editor in 0.00 ms.
Unloading 1759 Unused Serialized files (Serialized files now loaded: 0)
Unloading 14 unused Assets / (32.5 KB). Loaded Objects now: 2260.
Memory consumption went from 297.4 MB to 297.4 MB.
Total: 3.640000 ms (FindLiveObjects: 0.258900 ms CreateObjectMapping: 0.185800 ms MarkObjects: 3.163800 ms  DeleteObjects: 0.030200 ms)

AssetImportParameters requested are different than current active one (requested -> active):
  custom:video-decoder-ogg-theora: a1e56fd34408186e4bbccfd4996cb3dc -> 
  custom:container-muxer-webm: aa71ff27fc2769a1b78a27578f13a17b -> 
  custom:container-demuxer-webm: 4f35f7cbe854078d1ac9338744f61a02 -> 
  custom:video-encoder-webm-vp8: eb34c28f22e8b96e1ab97ce403110664 -> 
  custom:audio-encoder-webm-vorbis: bf7c407c2cedff20999df2af8eb42d56 -> 
  custom:framework-win-MediaFoundation: 216162199b28c13a410421893ffa2e32 -> 
  custom:container-demuxer-ogg: 62fdf1f143b41e24485cea50d1cbac27 -> 
  custom:video-decoder-webm-vp8: 9c59270c3fd7afecdb556c50c9e8de78 -> 
  custom:audio-decoder-ogg-vorbis: bf7c407c2cedff20999df2af8eb42d56 -> 
========================================================================
Received Prepare
Registering precompiled user dll's ...
Registered in 0.010187 seconds.
Begin MonoManager ReloadAssembly
Native extension for UWP target not found
Native extension for WindowsStandalone target not found
Native extension for iOS target not found
Native extension for Android target not found
Native extension for WebGL target not found
Refreshing native plugins compatible for Editor in 0.98 ms, found 2 plugins.
Preloading 0 native plugins for Editor in 0.00 ms.
Mono: successfully reloaded assembly
- Completed reload, in  2.538 seconds
Domain Reload Profiling:
	ReloadAssembly (2544ms)
		BeginReloadAssembly (242ms)
			ExecutionOrderSort (0ms)
			DisableScriptedObjects (10ms)
			BackupInstance (0ms)
			ReleaseScriptingObjects (0ms)
			CreateAndSetChildDomain (53ms)
		EndReloadAssembly (2070ms)
			LoadAssemblies (173ms)
			RebuildTransferFunctionScriptingTraits (0ms)
			SetupTypeCache (422ms)
				TypeCache.Initialize (415ms)
					TypeCache.ScanAssembly (407ms)
				ResolveRequiredComponents (7ms)
			ReleaseScriptCaches (1ms)
			RebuildScriptCaches (79ms)
			SetupLoadedEditorAssemblies (1201ms)
				LogAssemblyErrors (0ms)
				InitializePlatformSupportModulesInManaged (86ms)
				SetLoadedEditorAssemblies (19ms)
				RefreshPlugins (1ms)
				BeforeProcessingInitializeOnLoad (130ms)
				ProcessInitializeOnLoadAttributes (779ms)
				ProcessInitializeOnLoadMethodAttributes (153ms)
				AfterProcessingInitializeOnLoad (32ms)
				EditorAssembliesLoaded (1ms)
			ExecutionOrderSort2 (0ms)
			AwakeInstancesAfterBackupRestoration (26ms)
Platform modules already initialized, skipping
Refreshing native plugins compatible for Editor in 1.97 ms, found 2 plugins.
Preloading 0 native plugins for Editor in 0.00 ms.
Unloading 1759 Unused Serialized files (Serialized files now loaded: 0)
Unloading 14 unused Assets / (32.5 KB). Loaded Objects now: 2263.
Memory consumption went from 297.4 MB to 297.4 MB.
Total: 8.294400 ms (FindLiveObjects: 0.329400 ms CreateObjectMapping: 0.215500 ms MarkObjects: 7.653900 ms  DeleteObjects: 0.092800 ms)

AssetImportParameters requested are different than current active one (requested -> active):
  custom:video-decoder-ogg-theora: a1e56fd34408186e4bbccfd4996cb3dc -> 
  custom:container-muxer-webm: aa71ff27fc2769a1b78a27578f13a17b -> 
  custom:container-demuxer-webm: 4f35f7cbe854078d1ac9338744f61a02 -> 
  custom:video-encoder-webm-vp8: eb34c28f22e8b96e1ab97ce403110664 -> 
  custom:audio-encoder-webm-vorbis: bf7c407c2cedff20999df2af8eb42d56 -> 
  custom:framework-win-MediaFoundation: 216162199b28c13a410421893ffa2e32 -> 
  custom:container-demuxer-ogg: 62fdf1f143b41e24485cea50d1cbac27 -> 
  custom:video-decoder-webm-vp8: 9c59270c3fd7afecdb556c50c9e8de78 -> 
  custom:audio-decoder-ogg-vorbis: bf7c407c2cedff20999df2af8eb42d56 -> 
========================================================================
Received Prepare
Registering precompiled user dll's ...
Registered in 0.005305 seconds.
Begin MonoManager ReloadAssembly
Native extension for UWP target not found
Native extension for WindowsStandalone target not found
Native extension for iOS target not found
Native extension for Android target not found
Native extension for WebGL target not found
Refreshing native plugins compatible for Editor in 1.50 ms, found 2 plugins.
Preloading 0 native plugins for Editor in 0.00 ms.
Mono: successfully reloaded assembly
- Completed reload, in  2.297 seconds
Domain Reload Profiling:
	ReloadAssembly (2301ms)
		BeginReloadAssembly (246ms)
			ExecutionOrderSort (0ms)
			DisableScriptedObjects (11ms)
			BackupInstance (0ms)
			ReleaseScriptingObjects (0ms)
			CreateAndSetChildDomain (57ms)
		EndReloadAssembly (1839ms)
			LoadAssemblies (168ms)
			RebuildTransferFunctionScriptingTraits (0ms)
			SetupTypeCache (436ms)
				TypeCache.Initialize (429ms)
					TypeCache.ScanAssembly (422ms)
				ResolveRequiredComponents (7ms)
			ReleaseScriptCaches (1ms)
			RebuildScriptCaches (81ms)
			SetupLoadedEditorAssemblies (1031ms)
				LogAssemblyErrors (0ms)
				InitializePlatformSupportModulesInManaged (93ms)
				SetLoadedEditorAssemblies (15ms)
				RefreshPlugins (2ms)
				BeforeProcessingInitializeOnLoad (161ms)
				ProcessInitializeOnLoadAttributes (663ms)
				ProcessInitializeOnLoadMethodAttributes (68ms)
				AfterProcessingInitializeOnLoad (29ms)
				EditorAssembliesLoaded (0ms)
			ExecutionOrderSort2 (0ms)
			AwakeInstancesAfterBackupRestoration (17ms)
Platform modules already initialized, skipping
Refreshing native plugins compatible for Editor in 8.58 ms, found 2 plugins.
Preloading 0 native plugins for Editor in 0.00 ms.
Unloading 1759 Unused Serialized files (Serialized files now loaded: 0)
Unloading 14 unused Assets / (32.5 KB). Loaded Objects now: 2266.
Memory consumption went from 297.4 MB to 297.4 MB.
Total: 12.906300 ms (FindLiveObjects: 0.288600 ms CreateObjectMapping: 0.368600 ms MarkObjects: 12.211200 ms  DeleteObjects: 0.036500 ms)

AssetImportParameters requested are different than current active one (requested -> active):
  custom:video-decoder-ogg-theora: a1e56fd34408186e4bbccfd4996cb3dc -> 
  custom:container-muxer-webm: aa71ff27fc2769a1b78a27578f13a17b -> 
  custom:container-demuxer-webm: 4f35f7cbe854078d1ac9338744f61a02 -> 
  custom:video-encoder-webm-vp8: eb34c28f22e8b96e1ab97ce403110664 -> 
  custom:audio-encoder-webm-vorbis: bf7c407c2cedff20999df2af8eb42d56 -> 
  custom:framework-win-MediaFoundation: 216162199b28c13a410421893ffa2e32 -> 
  custom:container-demuxer-ogg: 62fdf1f143b41e24485cea50d1cbac27 -> 
  custom:video-decoder-webm-vp8: 9c59270c3fd7afecdb556c50c9e8de78 -> 
  custom:audio-decoder-ogg-vorbis: bf7c407c2cedff20999df2af8eb42d56 -> 
========================================================================
Received Prepare
Registering precompiled user dll's ...
Registered in 0.009274 seconds.
Begin MonoManager ReloadAssembly
Native extension for UWP target not found
Native extension for WindowsStandalone target not found
Native extension for iOS target not found
Native extension for Android target not found
Native extension for WebGL target not found
Refreshing native plugins compatible for Editor in 1.25 ms, found 2 plugins.
Preloading 0 native plugins for Editor in 0.00 ms.
Mono: successfully reloaded assembly
- Completed reload, in  2.493 seconds
Domain Reload Profiling:
	ReloadAssembly (2496ms)
		BeginReloadAssembly (289ms)
			ExecutionOrderSort (0ms)
			DisableScriptedObjects (14ms)
			BackupInstance (0ms)
			ReleaseScriptingObjects (0ms)
			CreateAndSetChildDomain (63ms)
		EndReloadAssembly (1893ms)
			LoadAssemblies (204ms)
			RebuildTransferFunctionScriptingTraits (0ms)
			SetupTypeCache (467ms)
				TypeCache.Initialize (460ms)
					TypeCache.ScanAssembly (454ms)
				ResolveRequiredComponents (6ms)
			ReleaseScriptCaches (2ms)
			RebuildScriptCaches (73ms)
			SetupLoadedEditorAssemblies (1052ms)
				LogAssemblyErrors (0ms)
				InitializePlatformSupportModulesInManaged (119ms)
				SetLoadedEditorAssemblies (35ms)
				RefreshPlugins (2ms)
				BeforeProcessingInitializeOnLoad (203ms)
				ProcessInitializeOnLoadAttributes (593ms)
				ProcessInitializeOnLoadMethodAttributes (73ms)
				AfterProcessingInitializeOnLoad (25ms)
				EditorAssembliesLoaded (1ms)
			ExecutionOrderSort2 (0ms)
			AwakeInstancesAfterBackupRestoration (13ms)
Platform modules already initialized, skipping
Refreshing native plugins compatible for Editor in 3.37 ms, found 2 plugins.
Preloading 0 native plugins for Editor in 0.00 ms.
Unloading 1759 Unused Serialized files (Serialized files now loaded: 0)
Unloading 14 unused Assets / (32.5 KB). Loaded Objects now: 2269.
Memory consumption went from 297.4 MB to 297.4 MB.
Total: 4.120900 ms (FindLiveObjects: 0.207100 ms CreateObjectMapping: 0.136600 ms MarkObjects: 3.740900 ms  DeleteObjects: 0.034400 ms)

AssetImportParameters requested are different than current active one (requested -> active):
  custom:video-decoder-ogg-theora: a1e56fd34408186e4bbccfd4996cb3dc -> 
  custom:container-muxer-webm: aa71ff27fc2769a1b78a27578f13a17b -> 
  custom:container-demuxer-webm: 4f35f7cbe854078d1ac9338744f61a02 -> 
  custom:video-encoder-webm-vp8: eb34c28f22e8b96e1ab97ce403110664 -> 
  custom:audio-encoder-webm-vorbis: bf7c407c2cedff20999df2af8eb42d56 -> 
  custom:framework-win-MediaFoundation: 216162199b28c13a410421893ffa2e32 -> 
  custom:container-demuxer-ogg: 62fdf1f143b41e24485cea50d1cbac27 -> 
  custom:video-decoder-webm-vp8: 9c59270c3fd7afecdb556c50c9e8de78 -> 
  custom:audio-decoder-ogg-vorbis: bf7c407c2cedff20999df2af8eb42d56 -> 
========================================================================
Received Prepare
Registering precompiled user dll's ...
Registered in 0.008071 seconds.
Begin MonoManager ReloadAssembly
Native extension for UWP target not found
Native extension for WindowsStandalone target not found
Native extension for iOS target not found
Native extension for Android target not found
Native extension for WebGL target not found
Refreshing native plugins compatible for Editor in 0.93 ms, found 2 plugins.
Preloading 0 native plugins for Editor in 0.00 ms.
Mono: successfully reloaded assembly
- Completed reload, in  2.532 seconds
Domain Reload Profiling:
	ReloadAssembly (2537ms)
		BeginReloadAssembly (322ms)
			ExecutionOrderSort (0ms)
			DisableScriptedObjects (18ms)
			BackupInstance (0ms)
			ReleaseScriptingObjects (0ms)
			CreateAndSetChildDomain (63ms)
		EndReloadAssembly (1973ms)
			LoadAssemblies (217ms)
			RebuildTransferFunctionScriptingTraits (0ms)
			SetupTypeCache (419ms)
				TypeCache.Initialize (413ms)
					TypeCache.ScanAssembly (407ms)
				ResolveRequiredComponents (5ms)
			ReleaseScriptCaches (1ms)
			RebuildScriptCaches (85ms)
			SetupLoadedEditorAssemblies (1160ms)
				LogAssemblyErrors (0ms)
				InitializePlatformSupportModulesInManaged (90ms)
				SetLoadedEditorAssemblies (18ms)
				RefreshPlugins (1ms)
				BeforeProcessingInitializeOnLoad (188ms)
				ProcessInitializeOnLoadAttributes (748ms)
				ProcessInitializeOnLoadMethodAttributes (91ms)
				AfterProcessingInitializeOnLoad (24ms)
				EditorAssembliesLoaded (0ms)
			ExecutionOrderSort2 (0ms)
			AwakeInstancesAfterBackupRestoration (18ms)
Platform modules already initialized, skipping
Refreshing native plugins compatible for Editor in 3.02 ms, found 2 plugins.
Preloading 0 native plugins for Editor in 0.00 ms.
Unloading 1759 Unused Serialized files (Serialized files now loaded: 0)
Unloading 14 unused Assets / (32.5 KB). Loaded Objects now: 2272.
Memory consumption went from 297.4 MB to 297.4 MB.
Total: 9.616400 ms (FindLiveObjects: 0.195300 ms CreateObjectMapping: 0.129700 ms MarkObjects: 9.206700 ms  DeleteObjects: 0.082200 ms)

AssetImportParameters requested are different than current active one (requested -> active):
  custom:video-decoder-ogg-theora: a1e56fd34408186e4bbccfd4996cb3dc -> 
  custom:container-muxer-webm: aa71ff27fc2769a1b78a27578f13a17b -> 
  custom:container-demuxer-webm: 4f35f7cbe854078d1ac9338744f61a02 -> 
  custom:video-encoder-webm-vp8: eb34c28f22e8b96e1ab97ce403110664 -> 
  custom:audio-encoder-webm-vorbis: bf7c407c2cedff20999df2af8eb42d56 -> 
  custom:framework-win-MediaFoundation: 216162199b28c13a410421893ffa2e32 -> 
  custom:container-demuxer-ogg: 62fdf1f143b41e24485cea50d1cbac27 -> 
  custom:video-decoder-webm-vp8: 9c59270c3fd7afecdb556c50c9e8de78 -> 
  custom:audio-decoder-ogg-vorbis: bf7c407c2cedff20999df2af8eb42d56 -> 
========================================================================
Received Prepare
Registering precompiled user dll's ...
Registered in 0.008302 seconds.
Begin MonoManager ReloadAssembly
Native extension for UWP target not found
Native extension for WindowsStandalone target not found
Native extension for iOS target not found
Native extension for Android target not found
Native extension for WebGL target not found
Refreshing native plugins compatible for Editor in 0.51 ms, found 2 plugins.
Preloading 0 native plugins for Editor in 0.00 ms.
Mono: successfully reloaded assembly
- Completed reload, in  2.083 seconds
Domain Reload Profiling:
	ReloadAssembly (2087ms)
		BeginReloadAssembly (250ms)
			ExecutionOrderSort (0ms)
			DisableScriptedObjects (11ms)
			BackupInstance (0ms)
			ReleaseScriptingObjects (0ms)
			CreateAndSetChildDomain (54ms)
		EndReloadAssembly (1624ms)
			LoadAssemblies (175ms)
			RebuildTransferFunctionScriptingTraits (0ms)
			SetupTypeCache (444ms)
				TypeCache.Initialize (437ms)
					TypeCache.ScanAssembly (431ms)
				ResolveRequiredComponents (7ms)
			ReleaseScriptCaches (1ms)
			RebuildScriptCaches (76ms)
			SetupLoadedEditorAssemblies (802ms)
				LogAssemblyErrors (0ms)
				InitializePlatformSupportModulesInManaged (83ms)
				SetLoadedEditorAssemblies (11ms)
				RefreshPlugins (1ms)
				BeforeProcessingInitializeOnLoad (118ms)
				ProcessInitializeOnLoadAttributes (496ms)
				ProcessInitializeOnLoadMethodAttributes (79ms)
				AfterProcessingInitializeOnLoad (14ms)
				EditorAssembliesLoaded (1ms)
			ExecutionOrderSort2 (0ms)
			AwakeInstancesAfterBackupRestoration (23ms)
Platform modules already initialized, skipping
Refreshing native plugins compatible for Editor in 3.41 ms, found 2 plugins.
Preloading 0 native plugins for Editor in 0.00 ms.
Unloading 1759 Unused Serialized files (Serialized files now loaded: 0)
Unloading 14 unused Assets / (32.5 KB). Loaded Objects now: 2275.
Memory consumption went from 297.4 MB to 297.4 MB.
Total: 14.138900 ms (FindLiveObjects: 0.216500 ms CreateObjectMapping: 0.087700 ms MarkObjects: 13.775200 ms  DeleteObjects: 0.057800 ms)

AssetImportParameters requested are different than current active one (requested -> active):
  custom:video-decoder-ogg-theora: a1e56fd34408186e4bbccfd4996cb3dc -> 
  custom:container-muxer-webm: aa71ff27fc2769a1b78a27578f13a17b -> 
  custom:container-demuxer-webm: 4f35f7cbe854078d1ac9338744f61a02 -> 
  custom:video-encoder-webm-vp8: eb34c28f22e8b96e1ab97ce403110664 -> 
  custom:audio-encoder-webm-vorbis: bf7c407c2cedff20999df2af8eb42d56 -> 
  custom:framework-win-MediaFoundation: 216162199b28c13a410421893ffa2e32 -> 
  custom:container-demuxer-ogg: 62fdf1f143b41e24485cea50d1cbac27 -> 
  custom:video-decoder-webm-vp8: 9c59270c3fd7afecdb556c50c9e8de78 -> 
  custom:audio-decoder-ogg-vorbis: bf7c407c2cedff20999df2af8eb42d56 -> 
========================================================================
Received Prepare
Registering precompiled user dll's ...
Registered in 0.008375 seconds.
Begin MonoManager ReloadAssembly
Native extension for UWP target not found
Native extension for WindowsStandalone target not found
Native extension for iOS target not found
Native extension for Android target not found
Native extension for WebGL target not found
Refreshing native plugins compatible for Editor in 1.40 ms, found 2 plugins.
Preloading 0 native plugins for Editor in 0.00 ms.
Mono: successfully reloaded assembly
- Completed reload, in  2.166 seconds
Domain Reload Profiling:
	ReloadAssembly (2171ms)
		BeginReloadAssembly (227ms)
			ExecutionOrderSort (0ms)
			DisableScriptedObjects (8ms)
			BackupInstance (0ms)
			ReleaseScriptingObjects (0ms)
			CreateAndSetChildDomain (62ms)
		EndReloadAssembly (1719ms)
			LoadAssemblies (162ms)
			RebuildTransferFunctionScriptingTraits (0ms)
			SetupTypeCache (425ms)
				TypeCache.Initialize (418ms)
					TypeCache.ScanAssembly (411ms)
				ResolveRequiredComponents (7ms)
			ReleaseScriptCaches (1ms)
			RebuildScriptCaches (71ms)
			SetupLoadedEditorAssemblies (931ms)
				LogAssemblyErrors (0ms)
				InitializePlatformSupportModulesInManaged (76ms)
				SetLoadedEditorAssemblies (13ms)
				RefreshPlugins (2ms)
				BeforeProcessingInitializeOnLoad (137ms)
				ProcessInitializeOnLoadAttributes (599ms)
				ProcessInitializeOnLoadMethodAttributes (81ms)
				AfterProcessingInitializeOnLoad (24ms)
				EditorAssembliesLoaded (0ms)
			ExecutionOrderSort2 (0ms)
			AwakeInstancesAfterBackupRestoration (23ms)
Platform modules already initialized, skipping
Refreshing native plugins compatible for Editor in 2.70 ms, found 2 plugins.
Preloading 0 native plugins for Editor in 0.00 ms.
Unloading 1759 Unused Serialized files (Serialized files now loaded: 0)
Unloading 14 unused Assets / (32.6 KB). Loaded Objects now: 2278.
Memory consumption went from 297.4 MB to 297.4 MB.
Total: 4.299600 ms (FindLiveObjects: 0.354000 ms CreateObjectMapping: 0.154700 ms MarkObjects: 3.750800 ms  DeleteObjects: 0.036800 ms)

AssetImportParameters requested are different than current active one (requested -> active):
  custom:video-decoder-ogg-theora: a1e56fd34408186e4bbccfd4996cb3dc -> 
  custom:container-muxer-webm: aa71ff27fc2769a1b78a27578f13a17b -> 
  custom:container-demuxer-webm: 4f35f7cbe854078d1ac9338744f61a02 -> 
  custom:video-encoder-webm-vp8: eb34c28f22e8b96e1ab97ce403110664 -> 
  custom:audio-encoder-webm-vorbis: bf7c407c2cedff20999df2af8eb42d56 -> 
  custom:framework-win-MediaFoundation: 216162199b28c13a410421893ffa2e32 -> 
  custom:container-demuxer-ogg: 62fdf1f143b41e24485cea50d1cbac27 -> 
  custom:video-decoder-webm-vp8: 9c59270c3fd7afecdb556c50c9e8de78 -> 
  custom:audio-decoder-ogg-vorbis: bf7c407c2cedff20999df2af8eb42d56 -> 
========================================================================
Received Prepare
Registering precompiled user dll's ...
Registered in 0.005519 seconds.
Begin MonoManager ReloadAssembly
Native extension for UWP target not found
Native extension for WindowsStandalone target not found
Native extension for iOS target not found
Native extension for Android target not found
Native extension for WebGL target not found
Refreshing native plugins compatible for Editor in 0.54 ms, found 2 plugins.
Preloading 0 native plugins for Editor in 0.00 ms.
Mono: successfully reloaded assembly
- Completed reload, in  2.441 seconds
Domain Reload Profiling:
	ReloadAssembly (2446ms)
		BeginReloadAssembly (278ms)
			ExecutionOrderSort (0ms)
			DisableScriptedObjects (12ms)
			BackupInstance (0ms)
			ReleaseScriptingObjects (0ms)
			CreateAndSetChildDomain (62ms)
		EndReloadAssembly (1964ms)
			LoadAssemblies (185ms)
			RebuildTransferFunctionScriptingTraits (0ms)
			SetupTypeCache (543ms)
				TypeCache.Initialize (537ms)
					TypeCache.ScanAssembly (532ms)
				ResolveRequiredComponents (6ms)
			ReleaseScriptCaches (1ms)
			RebuildScriptCaches (82ms)
			SetupLoadedEditorAssemblies (1051ms)
				LogAssemblyErrors (0ms)
				InitializePlatformSupportModulesInManaged (81ms)
				SetLoadedEditorAssemblies (13ms)
				RefreshPlugins (1ms)
				BeforeProcessingInitializeOnLoad (112ms)
				ProcessInitializeOnLoadAttributes (727ms)
				ProcessInitializeOnLoadMethodAttributes (95ms)
				AfterProcessingInitializeOnLoad (21ms)
				EditorAssembliesLoaded (0ms)
			ExecutionOrderSort2 (0ms)
			AwakeInstancesAfterBackupRestoration (23ms)
Platform modules already initialized, skipping
Refreshing native plugins compatible for Editor in 3.00 ms, found 2 plugins.
Preloading 0 native plugins for Editor in 0.00 ms.
Unloading 1759 Unused Serialized files (Serialized files now loaded: 0)
Unloading 14 unused Assets / (32.6 KB). Loaded Objects now: 2281.
Memory consumption went from 297.5 MB to 297.4 MB.
Total: 7.265500 ms (FindLiveObjects: 0.226200 ms CreateObjectMapping: 0.124600 ms MarkObjects: 6.880700 ms  DeleteObjects: 0.032900 ms)

AssetImportParameters requested are different than current active one (requested -> active):
  custom:video-decoder-ogg-theora: a1e56fd34408186e4bbccfd4996cb3dc -> 
  custom:container-muxer-webm: aa71ff27fc2769a1b78a27578f13a17b -> 
  custom:container-demuxer-webm: 4f35f7cbe854078d1ac9338744f61a02 -> 
  custom:video-encoder-webm-vp8: eb34c28f22e8b96e1ab97ce403110664 -> 
  custom:audio-encoder-webm-vorbis: bf7c407c2cedff20999df2af8eb42d56 -> 
  custom:framework-win-MediaFoundation: 216162199b28c13a410421893ffa2e32 -> 
  custom:container-demuxer-ogg: 62fdf1f143b41e24485cea50d1cbac27 -> 
  custom:video-decoder-webm-vp8: 9c59270c3fd7afecdb556c50c9e8de78 -> 
  custom:audio-decoder-ogg-vorbis: bf7c407c2cedff20999df2af8eb42d56 -> 
